<?xml version="1.0" encoding="UTF-8"?>
<!-- Generated by org.testng.reporters.JUnitReportReporter -->
<testsuite hostname="LAPTOP-DA57DL57" failures="0" tests="1" name="demoProject.FirstCode" time="14.213" errors="0" timestamp="2024-11-10T11:42:00 IST" skipped="0">
  <testcase classname="demoProject.FirstCode" name="InvokeBrowser" time="14.213"/>
  <system-out/>
</testsuite> <!-- demoProject.FirstCode -->
